Mplus VERSION 9 (Linux)
MUTHEN & MUTHEN
12/18/2025  11:31 PM

INPUT INSTRUCTIONS


  TITLE:  Penalized invariance CFA model;
  DATA:   FILE = PoliticalDemocracy.dat;
  VARIABLE:
          NAMES = y1-y8;
          USEVARIABLES = y1-y6 y8;
  MODEL:  dem60 BY y1-y4* (l1_1-l1_4);
          dem65 BY y5-y6* (l2_1-l2_2)
                   y8* (l2_4);
          dem60@1;
          dem65*1;
          [dem60@0];
          [dem65*0];
          [y1-y4] (i1_1-i1_4);
          [y5-y6] (i2_1-i2_2);
          [y8] (i2_4);
          y1 WITH y5;
          y2 WITH y6;
          y4 WITH y8;
  MODEL PRIOR:
          DO(#,1,2) DIFF(l1_# , l2_#) ~ ALF(0,1);
          DO(#,1,2) DIFF(i1_# , i2_#) ~ ALF(0,1);
          DIFF(l1_4 , l2_4) ~ ALF(0,1);
          DIFF(i1_4 , i2_4) ~ ALF(0,1);




INPUT READING TERMINATED NORMALLY



Penalized invariance CFA model;

SUMMARY OF ANALYSIS

Number of groups                                                 1
Number of observations                                          75

Number of dependent variables                                    7
Number of independent variables                                  0
Number of continuous latent variables                            2

Observed dependent variables

  Continuous
   Y1          Y2          Y3          Y4          Y5          Y6
   Y8

Continuous latent variables
   DEM60       DEM65


Estimator                                                       ML
Information matrix                                        OBSERVED
Maximum number of iterations                                  1000
Convergence criterion                                    0.500D-04
Maximum number of steepest descent iterations                   20

Input data file(s)
  PoliticalDemocracy.dat

Input data format  FREE



UNIVARIATE SAMPLE STATISTICS


     UNIVARIATE HIGHER-ORDER MOMENT DESCRIPTIVE STATISTICS

         Variable/         Mean/     Skewness/   Minimum/ % with                Percentiles
        Sample Size      Variance    Kurtosis    Maximum  Min/Max      20%/60%    40%/80%    Median

     Y1                    5.465      -0.093       1.250   10.67%       2.500      5.000      5.400
              75.000       6.787      -1.104      10.000    6.67%       6.900      7.500
     Y2                    4.256       0.325       0.000   34.67%       0.000      3.333      3.333
              75.000      15.372      -1.426      10.000   21.33%       4.800     10.000
     Y3                    6.563      -0.606       0.000   10.67%       3.333      6.667      6.667
              75.000      10.621      -0.657      10.000    1.33%       6.667     10.000
     Y4                    4.453       0.120       0.000   22.67%       0.000      3.333      3.333
              75.000      11.069      -1.164      10.000   10.67%       6.667      6.667
     Y5                    5.136      -0.233       0.000    6.67%       2.500      5.000      5.000
              75.000       6.735      -0.718      10.000    2.67%       6.250      7.500
     Y6                    2.978       0.911       0.000   40.00%       0.000      0.000      2.233
              75.000      11.224      -0.400      10.000   10.67%       3.333      6.667
     Y8                    4.043       0.455       0.000   16.00%       0.368      3.333      3.333
              75.000      10.393      -0.906      10.000   12.00%       3.333      6.667


THE MODEL ESTIMATION TERMINATED NORMALLY



MODEL FIT INFORMATION

Number of Free Parameters                       25

Loglikelihood

          H0 Value                       -1168.423
          H1 Value                       -1157.510

Information Criteria

          Akaike (AIC)                    2386.845
          Bayesian (BIC)                  2444.782
          Sample-Size Adjusted BIC        2365.989
            (n* = (n + 2) / 24)

Chi-Square Test of Model Fit

          Value                             21.825
          Degrees of Freedom                    10
          P-Value                           0.0160

RMSEA (Root Mean Square Error Of Approximation)

          Estimate                           0.126
          90 Percent C.I.                    0.052  0.198
          Probability RMSEA <= .05           0.047

CFI/TLI

          CFI                                0.967
          TLI                                0.931

Chi-Square Test of Model Fit for the Baseline Model

          Value                            380.940
          Degrees of Freedom                    21
          P-Value                           0.0000

SRMR (Standardized Root Mean Square Residual)

          Value                              0.039



MODEL RESULTS

                                                    Two-Tailed
                    Estimate       S.E.  Est./S.E.    P-Value

 DEM60    BY
    Y1                 2.097      0.212      9.876      0.000
    Y2                 2.970      0.285     10.439      0.000
    Y3                 2.260      0.323      6.987      0.000
    Y4                 2.970      0.220     13.529      0.000

 DEM65    BY
    Y5                 2.084      0.224      9.315      0.000
    Y6                 2.965      0.289     10.250      0.000
    Y8                 2.986      0.222     13.470      0.000

 DEM65    WITH
    DEM60              0.872      0.056     15.638      0.000

 Y1       WITH
    Y5                 0.941      0.454      2.073      0.038

 Y2       WITH
    Y6                 1.745      0.899      1.940      0.052

 Y4       WITH
    Y8                 0.249      0.504      0.494      0.621

 Means
    DEM60              0.000      0.000    999.000    999.000
    DEM65             -0.153      0.074     -2.071      0.038

 Intercepts
    Y1                 5.461      0.291     18.749      0.000
    Y2                 4.220      0.454      9.288      0.000
    Y3                 6.563      0.376     17.444      0.000
    Y4                 4.472      0.377     11.865      0.000
    Y5                 5.459      0.291     18.786      0.000
    Y6                 3.446      0.455      7.571      0.000
    Y8                 4.480      0.377     11.880      0.000

 Variances
    DEM60              1.000      0.000    999.000    999.000
    DEM65              0.869      0.094      9.207      0.000

 Residual Variances
    Y1                 2.203      0.519      4.243      0.000
    Y2                 6.470      1.338      4.836      0.000
    Y3                 5.513      1.088      5.069      0.000
    Y4                 2.465      0.627      3.930      0.000
    Y5                 3.007      0.617      4.877      0.000
    Y6                 3.741      0.801      4.668      0.000
    Y8                 2.421      0.711      3.406      0.001


QUALITY OF NUMERICAL RESULTS

     Condition Number for the Information Matrix              0.697E-03
       (ratio of smallest to largest eigenvalue)


     Prior Proportion                                         0.141E+00
       (ratio of prior to prior plus chi-square)


     Beginning Time:  23:31:57
        Ending Time:  23:31:57
       Elapsed Time:  00:00:00



MUTHEN & MUTHEN
3463 Stoner Ave.
Los Angeles, CA  90066

Tel: (310) 391-9971
Fax: (310) 391-8971
Web: www.StatModel.com
Support: Support@StatModel.com

Copyright (c) 1998-2025 Muthen & Muthen
